<?xml version="1.0" encoding="UTF-8"?>
<testsuite xmlns:xsi="http://www.w3.org/2001/XMLSchema-instance" xsi:noNamespaceSchemaLocation="https://maven.apache.org/surefire/maven-surefire-plugin/xsd/surefire-test-report-3.0.xsd" version="3.0" name="com.ecs160.AppTest" time="0.022" tests="8" errors="0" skipped="0" failures="0">
  <properties>
[...]
</properties>
  <testcase name="testRegisterMicroserviceWithInvalidParameterCount" classname="com.ecs160.AppTest" time="0.004"/>
  <testcase name="testStop" classname="com.ecs160.AppTest" time="0.0"/>
  <testcase name="testMultipleEndpointsInSameMicroservice" classname="com.ecs160.AppTest" time="0.001">
    <system-out><![CDATA[Registered endpoint: endpoint1
Registered endpoint: endpoint2
]]></system-out>
  </testcase>
  <testcase name="testRegisterMicroservice" classname="com.ecs160.AppTest" time="0.0">
    <system-out><![CDATA[Registered endpoint: test_endpoint
]]></system-out>
  </testcase>
  <testcase name="testRegisterMultipleMicroservices" classname="com.ecs160.AppTest" time="0.0">
    <system-out><![CDATA[Registered endpoint: test_endpoint
Registered endpoint: another_endpoint
]]></system-out>
  </testcase>
  <testcase name="testLaunchWithoutRegistration" classname="com.ecs160.AppTest" time="0.0">
    <system-err><![CDATA[No endpoints registered. Please register microservices first.
]]></system-err>
  </testcase>
  <testcase name="testRegisterMicroserviceWithValidEndpoint" classname="com.ecs160.AppTest" time="0.0">
    <system-out><![CDATA[Registered endpoint: test_endpoint
]]></system-out>
  </testcase>
  <testcase name="testRegisterMicroserviceWithInvalidReturnType" classname="com.ecs160.AppTest" time="0.0"/>
</testsuite>