<?xml version="1.0" encoding="UTF-8"?>
<testsuite xmlns:xsi="http://www.w3.org/2001/XMLSchema-instance" xsi:noNamespaceSchemaLocation="https://maven.apache.org/surefire/maven-surefire-plugin/xsd/surefire-test-report-3.0.xsd" version="3.0" name="com.ecs160.hw.AppTest" time="0.043" tests="20" errors="0" skipped="0" failures="0">
  <properties>
[...]
</properties>
  <testcase name="testModifiedFilesWithDuplicates" classname="com.ecs160.hw.AppTest" time="0.026"/>
  <testcase name="testMultipleRepositoriesStatistics" classname="com.ecs160.hw.AppTest" time="0.0"/>
  <testcase name="testCalculateFileModificationCount" classname="com.ecs160.hw.AppTest" time="0.0"/>
  <testcase name="testForksCommitCounting" classname="com.ecs160.hw.AppTest" time="0.0"/>
  <testcase name="testLastFiftyCommits" classname="com.ecs160.hw.AppTest" time="0.0"/>
  <testcase name="testTop3FilesWithTies" classname="com.ecs160.hw.AppTest" time="0.0"/>
  <testcase name="testTop3FilesWithFewerThanThreeFiles" classname="com.ecs160.hw.AppTest" time="0.0"/>
  <testcase name="testSourceCodeDetectionWithoutCommits" classname="com.ecs160.hw.AppTest" time="0.0"/>
  <testcase name="testCalculateTotalForks" classname="com.ecs160.hw.AppTest" time="0.0"/>
  <testcase name="testCalculateTotalStars" classname="com.ecs160.hw.AppTest" time="0.0"/>
  <testcase name="testIdentifyTop3ModifiedFilesPerRepo" classname="com.ecs160.hw.AppTest" time="0.0"/>
  <testcase name="testCommitCountInForksWithExactly20Forks" classname="com.ecs160.hw.AppTest" time="0.0"/>
  <testcase name="testCountNewCommitsInForks" classname="com.ecs160.hw.AppTest" time="0.0"/>
  <testcase name="testEmptyRepositories" classname="com.ecs160.hw.AppTest" time="0.001"/>
  <testcase name="testSourceCodeDetectionWithMixedFiles" classname="com.ecs160.hw.AppTest" time="0.0"/>
  <testcase name="testGetTop3ModifiedFiles" classname="com.ecs160.hw.AppTest" time="0.0"/>
  <testcase name="testCalculateOpenIssues" classname="com.ecs160.hw.AppTest" time="0.0"/>
  <testcase name="testCompleteRepoStatistics" classname="com.ecs160.hw.AppTest" time="0.001"/>
  <testcase name="testStabilityOfTop3ModifiedFiles" classname="com.ecs160.hw.AppTest" time="0.0"/>
  <testcase name="testIsRepoContainingSourceCode" classname="com.ecs160.hw.AppTest" time="0.0"/>
</testsuite>