<?xml version="1.0" encoding="UTF-8"?>
<testsuite xmlns:xsi="http://www.w3.org/2001/XMLSchema-instance" xsi:noNamespaceSchemaLocation="https://maven.apache.org/surefire/maven-surefire-plugin/xsd/surefire-test-report-3.0.xsd" version="3.0" name="com.ecs160.microservices.AppTest" time="97.405" tests="13" errors="0" skipped="0" failures="0">
  <properties>
    <property name="java.specification.version" value="25"/>
    <property name="sun.jnu.encoding" value="UTF-8"/>
    <property name="java.class.path" value="/Users/jorm/Documents/ecs160-hw2/microservices/target/test-classes:/Users/jorm/Documents/ecs160-hw2/microservices/target/classes:/Users/jorm/.m2/repository/com/ecs160/microservice-framework/1.0-SNAPSHOT/microservice-framework-1.0-SNAPSHOT.jar:/Users/jorm/.m2/repository/com/google/code/gson/gson/2.10.1/gson-2.10.1.jar:/Users/jorm/.m2/repository/junit/junit/4.11/junit-4.11.jar:/Users/jorm/.m2/repository/org/hamcrest/hamcrest-core/1.3/hamcrest-core-1.3.jar:"/>
    <property name="java.vm.vendor" value="Homebrew"/>
    <property name="sun.arch.data.model" value="64"/>
    <property name="java.vendor.url" value="https://github.com/Homebrew/homebrew-core/issues"/>
    <property name="os.name" value="Mac OS X"/>
    <property name="java.vm.specification.version" value="25"/>
    <property name="sun.java.launcher" value="SUN_STANDARD"/>
    <property name="user.country" value="US"/>
    <property name="sun.boot.library.path" value="/opt/homebrew/Cellar/openjdk/25/libexec/openjdk.jdk/Contents/Home/lib"/>
    <property name="sun.java.command" value="/Users/jorm/Documents/ecs160-hw2/microservices/target/surefire/surefirebooter-20251128225151689_3.jar /Users/jorm/Documents/ecs160-hw2/microservices/target/surefire 2025-11-28T22-51-51_650-jvmRun1 surefire-20251128225151689_1tmp surefire_0-20251128225151689_2tmp"/>
    <property name="http.nonProxyHosts" value="local|*.local|169.254/16|*.169.254/16"/>
    <property name="jdk.debug" value="release"/>
    <property name="surefire.test.class.path" value="/Users/jorm/Documents/ecs160-hw2/microservices/target/test-classes:/Users/jorm/Documents/ecs160-hw2/microservices/target/classes:/Users/jorm/.m2/repository/com/ecs160/microservice-framework/1.0-SNAPSHOT/microservice-framework-1.0-SNAPSHOT.jar:/Users/jorm/.m2/repository/com/google/code/gson/gson/2.10.1/gson-2.10.1.jar:/Users/jorm/.m2/repository/junit/junit/4.11/junit-4.11.jar:/Users/jorm/.m2/repository/org/hamcrest/hamcrest-core/1.3/hamcrest-core-1.3.jar:"/>
    <property name="sun.cpu.endian" value="little"/>
    <property name="user.home" value="/Users/jorm"/>
    <property name="user.language" value="en"/>
    <property name="java.specification.vendor" value="Oracle Corporation"/>
    <property name="java.version.date" value="2025-09-16"/>
    <property name="java.home" value="/opt/homebrew/Cellar/openjdk/25/libexec/openjdk.jdk/Contents/Home"/>
    <property name="file.separator" value="/"/>
    <property name="basedir" value="/Users/jorm/Documents/ecs160-hw2/microservices"/>
    <property name="java.vm.compressedOopsMode" value="Zero based"/>
    <property name="line.separator" value="&#10;"/>
    <property name="java.vm.specification.vendor" value="Oracle Corporation"/>
    <property name="java.specification.name" value="Java Platform API Specification"/>
    <property name="apple.awt.application.name" value="ForkedBooter"/>
    <property name="surefire.real.class.path" value="/Users/jorm/Documents/ecs160-hw2/microservices/target/surefire/surefirebooter-20251128225151689_3.jar"/>
    <property name="sun.management.compiler" value="HotSpot 64-Bit Tiered Compilers"/>
    <property name="ftp.nonProxyHosts" value="local|*.local|169.254/16|*.169.254/16"/>
    <property name="java.runtime.version" value="25"/>
    <property name="user.name" value="jorm"/>
    <property name="stdout.encoding" value="UTF-8"/>
    <property name="path.separator" value=":"/>
    <property name="os.version" value="15.6.1"/>
    <property name="java.runtime.name" value="OpenJDK Runtime Environment"/>
    <property name="file.encoding" value="UTF-8"/>
    <property name="java.vm.name" value="OpenJDK 64-Bit Server VM"/>
    <property name="java.vendor.version" value="Homebrew"/>
    <property name="localRepository" value="/Users/jorm/.m2/repository"/>
    <property name="java.vendor.url.bug" value="https://github.com/Homebrew/homebrew-core/issues"/>
    <property name="java.io.tmpdir" value="/var/folders/s1/0bp9bl011bd2vgb9xlkyx0_h0000gn/T/"/>
    <property name="java.version" value="25"/>
    <property name="user.dir" value="/Users/jorm/Documents/ecs160-hw2/microservices"/>
    <property name="os.arch" value="aarch64"/>
    <property name="java.vm.specification.name" value="Java Virtual Machine Specification"/>
    <property name="native.encoding" value="UTF-8"/>
    <property name="java.library.path" value="/Users/jorm/Library/Java/Extensions:/Library/Java/Extensions:/Network/Library/Java/Extensions:/System/Library/Java/Extensions:/usr/lib/java:."/>
    <property name="java.vm.info" value="mixed mode, sharing"/>
    <property name="stderr.encoding" value="UTF-8"/>
    <property name="java.vendor" value="Homebrew"/>
    <property name="java.vm.version" value="25"/>
    <property name="stdin.encoding" value="UTF-8"/>
    <property name="sun.io.unicode.encoding" value="UnicodeBig"/>
    <property name="socksNonProxyHosts" value="local|*.local|169.254/16|*.169.254/16"/>
    <property name="java.class.version" value="69.0"/>
  </properties>
  <testcase name="testIssueSummarizerWithInvalidJson" classname="com.ecs160.microservices.AppTest" time="0.022"/>
  <testcase name="testIssueSummarizerWithEmptyInput" classname="com.ecs160.microservices.AppTest" time="8.665"/>
  <testcase name="testIssueSummarizerWithValidJson" classname="com.ecs160.microservices.AppTest" time="5.531"/>
  <testcase name="testBugFinderWithInvalidJson" classname="com.ecs160.microservices.AppTest" time="0.004"/>
  <testcase name="testIssueComparatorWithDifferentBugs" classname="com.ecs160.microservices.AppTest" time="7.919"/>
  <testcase name="testAllMicroservicesReturnValidJson" classname="com.ecs160.microservices.AppTest" time="23.313"/>
  <testcase name="testIssueComparatorWithEmptyLists" classname="com.ecs160.microservices.AppTest" time="4.184"/>
  <testcase name="testIssueComparatorWithInvalidJson" classname="com.ecs160.microservices.AppTest" time="0.0"/>
  <testcase name="testBugFinderWithEmptyCode" classname="com.ecs160.microservices.AppTest" time="12.225">
    <system-err><![CDATA[Error parsing JSON array: com.google.gson.stream.MalformedJsonException: Use JsonReader.setLenient(true) to accept malformed JSON at line 1 column 5 path $
Raw JSON string (first 200 chars): [] args) {\n            }\n}\n\nHmm, this seems incomplete. It's just a class definition with a main method but no actual code inside it. So maybe the user intended to provide some specific code that ...
Error parsing single bug object: com.google.gson.stream.MalformedJsonException: Expected name at line 1 column 2 path $.
Raw JSON string (first 200 chars): {\n    public static void main(String[] args) {\n            }\n}\n\nHmm, this seems incomplete. It's just a class definition with a main method but no actual code inside it. So maybe the user intende...
]]></system-err>
  </testcase>
  <testcase name="testIssueSummarizerWithTitleAndBody" classname="com.ecs160.microservices.AppTest" time="5.85"/>
  <testcase name="testBugFinderWithComplexCode" classname="com.ecs160.microservices.AppTest" time="11.922">
    <system-err><![CDATA[Error parsing JSON array: com.google.gson.stream.MalformedJsonException: Use JsonReader.setLenient(true) to accept malformed JSON at line 1 column 105 path $
Raw JSON string (first 200 chars): [{"bug_type": "MemoryLeak", "line": 42, "description": "Missing free() call", "filename": "complex.c"}]\n\nThat's the only bug here, so I'll structure the response accordingly.\n</think>\n\nThe code p...
Error parsing single bug object: com.google.gson.stream.MalformedJsonException: Expected name at line 1 column 2 path $.
Raw JSON string (first 200 chars): {\n    char *str = malloc(100);\n        return 0;\n}\n\nFirst, I'll look for obvious issues. The function uses malloc to allocate a character array of size 100. After that, it's commented out that th...
]]></system-err>
  </testcase>
  <testcase name="testBugFinderWithValidCode" classname="com.ecs160.microservices.AppTest" time="13.867">
    <system-err><![CDATA[Error parsing JSON array: com.google.gson.stream.MalformedJsonException: Use JsonReader.setLenient(true) to accept malformed JSON at line 1 column 8 path $
Raw JSON string (first 200 chars): which would cause an error.\n\nBut according to the user's instruction, perhaps we just need to report any obvious issues in the given code. Let me check each line:\n\n- Line 1: correct.\n- Line 2: in...
Error parsing single bug object: com.google.gson.stream.MalformedJsonException: Expected ':' at line 1 column 8 path $.int
Raw JSON string (first 200 chars): { int *p = NULL; *p = 5; return 0; }\n\nFirst, I'll look at each line for potential issues.\n\n1. The first line declares an integer variable 'main' which returns an integer, so that's fine.\n2. The s...
]]></system-err>
  </testcase>
  <testcase name="testIssueComparatorWithTwoLists" classname="com.ecs160.microservices.AppTest" time="3.878"/>
</testsuite>