<?xml version="1.0" encoding="UTF-8"?>
<testsuite xmlns:xsi="http://www.w3.org/2001/XMLSchema-instance" xsi:noNamespaceSchemaLocation="https://maven.apache.org/surefire/maven-surefire-plugin/xsd/surefire-test-report-3.0.xsd" version="3.0" name="com.ecs160.microservices.AppTest" time="97.405" tests="13" errors="0" skipped="0" failures="0">
  <properties>
[...]
</properties>
  <testcase name="testIssueSummarizerWithInvalidJson" classname="com.ecs160.microservices.AppTest" time="0.022"/>
  <testcase name="testIssueSummarizerWithEmptyInput" classname="com.ecs160.microservices.AppTest" time="8.665"/>
  <testcase name="testIssueSummarizerWithValidJson" classname="com.ecs160.microservices.AppTest" time="5.531"/>
  <testcase name="testBugFinderWithInvalidJson" classname="com.ecs160.microservices.AppTest" time="0.004"/>
  <testcase name="testIssueComparatorWithDifferentBugs" classname="com.ecs160.microservices.AppTest" time="7.919"/>
  <testcase name="testAllMicroservicesReturnValidJson" classname="com.ecs160.microservices.AppTest" time="23.313"/>
  <testcase name="testIssueComparatorWithEmptyLists" classname="com.ecs160.microservices.AppTest" time="4.184"/>
  <testcase name="testIssueComparatorWithInvalidJson" classname="com.ecs160.microservices.AppTest" time="0.0"/>
  <testcase name="testBugFinderWithEmptyCode" classname="com.ecs160.microservices.AppTest" time="12.225">
    <system-err><![CDATA[Error parsing JSON array: com.google.gson.stream.MalformedJsonException: Use JsonReader.setLenient(true) to accept malformed JSON at line 1 column 5 path $
Raw JSON string (first 200 chars): [] args) {\n            }\n}\n\nHmm, this seems incomplete. It's just a class definition with a main method but no actual code inside it. So maybe the user intended to provide some specific code that ...
Error parsing single bug object: com.google.gson.stream.MalformedJsonException: Expected name at line 1 column 2 path $.
Raw JSON string (first 200 chars): {\n    public static void main(String[] args) {\n            }\n}\n\nHmm, this seems incomplete. It's just a class definition with a main method but no actual code inside it. So maybe the user intende...
]]></system-err>
  </testcase>
  <testcase name="testIssueSummarizerWithTitleAndBody" classname="com.ecs160.microservices.AppTest" time="5.85"/>
  <testcase name="testBugFinderWithComplexCode" classname="com.ecs160.microservices.AppTest" time="11.922">
    <system-err><![CDATA[Error parsing JSON array: com.google.gson.stream.MalformedJsonException: Use JsonReader.setLenient(true) to accept malformed JSON at line 1 column 105 path $
Raw JSON string (first 200 chars): [{"bug_type": "MemoryLeak", "line": 42, "description": "Missing free() call", "filename": "complex.c"}]\n\nThat's the only bug here, so I'll structure the response accordingly.\n</think>\n\nThe code p...
Error parsing single bug object: com.google.gson.stream.MalformedJsonException: Expected name at line 1 column 2 path $.
Raw JSON string (first 200 chars): {\n    char *str = malloc(100);\n        return 0;\n}\n\nFirst, I'll look for obvious issues. The function uses malloc to allocate a character array of size 100. After that, it's commented out that th...
]]></system-err>
  </testcase>
  <testcase name="testBugFinderWithValidCode" classname="com.ecs160.microservices.AppTest" time="13.867">
    <system-err><![CDATA[Error parsing JSON array: com.google.gson.stream.MalformedJsonException: Use JsonReader.setLenient(true) to accept malformed JSON at line 1 column 8 path $
Raw JSON string (first 200 chars): which would cause an error.\n\nBut according to the user's instruction, perhaps we just need to report any obvious issues in the given code. Let me check each line:\n\n- Line 1: correct.\n- Line 2: in...
Error parsing single bug object: com.google.gson.stream.MalformedJsonException: Expected ':' at line 1 column 8 path $.int
Raw JSON string (first 200 chars): { int *p = NULL; *p = 5; return 0; }\n\nFirst, I'll look at each line for potential issues.\n\n1. The first line declares an integer variable 'main' which returns an integer, so that's fine.\n2. The s...
]]></system-err>
  </testcase>
  <testcase name="testIssueComparatorWithTwoLists" classname="com.ecs160.microservices.AppTest" time="3.878"/>
</testsuite>